<?xml version="1.0" encoding="UTF-8"?>
<testng-results ignored="0" total="1" passed="1" failed="0" skipped="0">
  <reporter-output>
  </reporter-output>
  <suite started-at="2025-07-03T12:35:36 IST" name="Default suite" finished-at="2025-07-03T12:35:48 IST" duration-ms="12173">
    <groups>
    </groups>
    <test started-at="2025-07-03T12:35:36 IST" name="Default test" finished-at="2025-07-03T12:35:48 IST" duration-ms="12173">
      <class name="home.AE_TC_010_Test">
        <test-method is-config="true" signature="reportConfiguration()[pri:0, instance:home.AE_TC_010_Test@5c671d7f]" started-at="2025-07-03T12:35:36 IST" name="reportConfiguration" finished-at="2025-07-03T12:35:36 IST" duration-ms="597" status="PASS">
          <reporter-output>
          </reporter-output>
        </test-method> <!-- reportConfiguration -->
        <test-method is-config="true" signature="openBrowser()[pri:0, instance:home.AE_TC_010_Test@5c671d7f]" started-at="2025-07-03T12:35:36 IST" name="openBrowser" finished-at="2025-07-03T12:35:46 IST" duration-ms="9371" status="PASS">
          <reporter-output>
          </reporter-output>
        </test-method> <!-- openBrowser -->
        <test-method signature="emailSubscription()[pri:0, instance:home.AE_TC_010_Test@5c671d7f]" started-at="2025-07-03T12:35:46 IST" name="emailSubscription" finished-at="2025-07-03T12:35:47 IST" duration-ms="1616" status="PASS">
          <reporter-output>
          </reporter-output>
        </test-method> <!-- emailSubscription -->
        <test-method is-config="true" signature="closeBrowser()[pri:0, instance:home.AE_TC_010_Test@5c671d7f]" started-at="2025-07-03T12:35:47 IST" name="closeBrowser" finished-at="2025-07-03T12:35:48 IST" duration-ms="1083" status="PASS">
          <reporter-output>
          </reporter-output>
        </test-method> <!-- closeBrowser -->
        <test-method is-config="true" signature="reportBackup()[pri:0, instance:home.AE_TC_010_Test@5c671d7f]" started-at="2025-07-03T12:35:49 IST" name="reportBackup" finished-at="2025-07-03T12:35:50 IST" duration-ms="1232" status="PASS">
          <reporter-output>
          </reporter-output>
        </test-method> <!-- reportBackup -->
      </class> <!-- home.AE_TC_010_Test -->
    </test> <!-- Default test -->
  </suite> <!-- Default suite -->
</testng-results>
