<?xml version="1.0" encoding="UTF-8"?>
<testng-results ignored="0" total="1" passed="1" failed="0" skipped="0">
  <reporter-output>
  </reporter-output>
  <suite started-at="2025-07-04T12:37:45 IST" name="Default suite" finished-at="2025-07-04T12:37:55 IST" duration-ms="9963">
    <groups>
    </groups>
    <test started-at="2025-07-04T12:37:45 IST" name="Default test" finished-at="2025-07-04T12:37:55 IST" duration-ms="9963">
      <class name="home.AE_TC_010_Test">
        <test-method is-config="true" signature="reportConfiguration()[pri:0, instance:home.AE_TC_010_Test@5c671d7f]" started-at="2025-07-04T12:37:45 IST" name="reportConfiguration" finished-at="2025-07-04T12:37:45 IST" duration-ms="596" status="PASS">
          <reporter-output>
          </reporter-output>
        </test-method> <!-- reportConfiguration -->
        <test-method is-config="true" signature="openBrowser()[pri:0, instance:home.AE_TC_010_Test@5c671d7f]" started-at="2025-07-04T12:37:45 IST" name="openBrowser" finished-at="2025-07-04T12:37:53 IST" duration-ms="7677" status="PASS">
          <reporter-output>
          </reporter-output>
        </test-method> <!-- openBrowser -->
        <test-method signature="emailSubscription()[pri:0, instance:home.AE_TC_010_Test@5c671d7f]" started-at="2025-07-04T12:37:53 IST" name="emailSubscription" finished-at="2025-07-04T12:37:54 IST" duration-ms="1213" status="PASS">
          <reporter-output>
          </reporter-output>
        </test-method> <!-- emailSubscription -->
        <test-method is-config="true" signature="closeBrowser()[pri:0, instance:home.AE_TC_010_Test@5c671d7f]" started-at="2025-07-04T12:37:54 IST" name="closeBrowser" finished-at="2025-07-04T12:37:55 IST" duration-ms="939" status="PASS">
          <reporter-output>
          </reporter-output>
        </test-method> <!-- closeBrowser -->
        <test-method is-config="true" signature="reportBackup()[pri:0, instance:home.AE_TC_010_Test@5c671d7f]" started-at="2025-07-04T12:37:55 IST" name="reportBackup" finished-at="2025-07-04T12:37:56 IST" duration-ms="1070" status="PASS">
          <reporter-output>
          </reporter-output>
        </test-method> <!-- reportBackup -->
      </class> <!-- home.AE_TC_010_Test -->
    </test> <!-- Default test -->
  </suite> <!-- Default suite -->
</testng-results>
